vmuser@host004-10-05:~$ ssh s1477029@lamp.ms.wits.ac.za
s1477029@lamp.ms.wits.ac.za's password: 
Welcome to Ubuntu 14.04.1 LTS (GNU/Linux 3.13.0-32-generic x86_64)

 * Documentation:  https://help.ubuntu.com/

  System information as of Mon Apr  1 16:13:14 SAST 2019

  System load:  0.0                Processes:              180
  Usage of /:   6.1% of 450.54GB   Users logged in:        3
  Memory usage: 8%                 IP address for em1:     146.141.21.92
  Swap usage:   0%                 IP address for docker0: 172.17.42.1

  Graph this data and manage this system at:
    https://landscape.canonical.com/

309 packages can be updated.
236 updates are security updates.

New release '16.04.6 LTS' available.
Run 'do-release-upgrade' to upgrade to it.

s1477029@lamp:~$ mysql -u s1477029 -p;
Enter password: 
Welcome to the MySQL monitor.  Commands end with ; or \g.
Your MySQL connection id is 58178
Server version: 5.5.38-0ubuntu0.14.04.1 (Ubuntu)

Copyright (c) 2000, 2014, Oracle and/or its affiliates. All rights reserved.

Oracle is a registered trademark of Oracle Corporation and/or its
affiliates. Other names may be trademarks of their respective
owners.

Type 'help;' or '\h' for help. Type '\c' to clear the current input statement.

mysql> tee TotalVotes.out
Logging to file 'TotalVotes.out'
mysql> show databases;
+--------------------+
| Database           |
+--------------------+
| information_schema |
| d1477029           |
+--------------------+
2 rows in set (0.00 sec)

mysql> use d1477029;
Reading table information for completion of table and column names
You can turn off this feature to get a quicker startup with -A

Database changed
mysql> show tables;
+--------------------+
| Tables_in_d1477029 |
+--------------------+
| STUDENTVOTES       |
+--------------------+
1 row in set (0.00 sec)

mysql> DESC STUDENTVOTES;
+-------------------+-------------+------+-----+---------+-------+
| Field             | Type        | Null | Key | Default | Extra |
+-------------------+-------------+------+-----+---------+-------+
| STUDENT_ID        | int(10)     | NO   |     | NULL    |       |
| STUDENT_NAME      | varchar(20) | NO   |     | NULL    |       |
| STUDENT_UPVOTES   | int(4)      | NO   |     | NULL    |       |
| STUDENT_DOWNVOTES | int(4)      | NO   |     | NULL    |       |
+-------------------+-------------+------+-----+---------+-------+
4 rows in set (0.00 sec)

mysql> CREATE TABLE TOTAL_VOTES(STUDENT_TOTAL_UPVOTES INT(20),STUDENT_TOTAL_DOWN_VOTES INT(20));
Query OK, 0 rows affected (0.07 sec)

mysql> DESC TOTAL_VOTES;
+--------------------------+---------+------+-----+---------+-------+
| Field                    | Type    | Null | Key | Default | Extra |
+--------------------------+---------+------+-----+---------+-------+
| STUDENT_TOTAL_UPVOTES    | int(20) | YES  |     | NULL    |       |
| STUDENT_TOTAL_DOWN_VOTES | int(20) | YES  |     | NULL    |       |
+--------------------------+---------+------+-----+---------+-------+
2 rows in set (0.00 sec)

mysql> ALTER TABLE TOTAL_VOTES MODIFY COLUMN STUDENT_TOTAL_UPVOTES INT(20) NOT NULL;
Query OK, 0 rows affected (0.14 sec)
Records: 0  Duplicates: 0  Warnings: 0

mysql> DESC TOTAL_VOTES;
+--------------------------+---------+------+-----+---------+-------+
| Field                    | Type    | Null | Key | Default | Extra |
+--------------------------+---------+------+-----+---------+-------+
| STUDENT_TOTAL_UPVOTES    | int(20) | NO   |     | NULL    |       |
| STUDENT_TOTAL_DOWN_VOTES | int(20) | YES  |     | NULL    |       |
+--------------------------+---------+------+-----+---------+-------+
2 rows in set (0.00 sec)

mysql> ALTER TABLE TOTAL_VOTES MODIFY COLUMN STUDENT_TOTAL_DOWN_VOTES INT(20) NOT NULL;
Query OK, 0 rows affected (0.15 sec)
Records: 0  Duplicates: 0  Warnings: 0

mysql> DESC TOTAL_VOTES;
+--------------------------+---------+------+-----+---------+-------+
| Field                    | Type    | Null | Key | Default | Extra |
+--------------------------+---------+------+-----+---------+-------+
| STUDENT_TOTAL_UPVOTES    | int(20) | NO   |     | NULL    |       |
| STUDENT_TOTAL_DOWN_VOTES | int(20) | NO   |     | NULL    |       |
+--------------------------+---------+------+-----+---------+-------+
2 rows in set (0.00 sec)

mysql> SELECT * FROM TOTAL_VOTES;
Empty set (0.00 sec)

mysql> DESC TOTAL_VOTES;
+--------------------------+---------+------+-----+---------+-------+
| Field                    | Type    | Null | Key | Default | Extra |
+--------------------------+---------+------+-----+---------+-------+
| STUDENT_TOTAL_UPVOTES    | int(20) | NO   |     | NULL    |       |
| STUDENT_TOTAL_DOWN_VOTES | int(20) | NO   |     | NULL    |       |
+--------------------------+---------+------+-----+---------+-------+
2 rows in set (0.00 sec)

mysql> notee
Outfile disabled.
mysql> exit
Bye
s1477029@lamp:~$ ls
TotalVotes.out
s1477029@lamp:~$ vi TotalVotes.out

[1]+  Stopped                 vi TotalVotes.out
s1477029@lamp:~$ exit
logout
There are stopped jobs.
s1477029@lamp:~$ exit
logout
Connection to lamp.ms.wits.ac.za closed.
vmuser@host004-10-05:~$ scp s1477029@lamp.ms.wits.ac.za:/home/vmuser/TotalVotes.out/Users/Downloads

